This is pdfTeX, Version 3.14159265-2.6-1.40.18 (TeX Live 2017/MacPorts 2017_1) (preloaded format=pdflatex 2017.9.16)  25 FEB 2018 22:59
entering extended mode
 \write18 enabled.
 file:line:error style messages enabled.
 %&-line parsing enabled.
**Lab01-Introduction.tex
(./Lab01-Introduction.tex
LaTeX2e <2017-04-15>
Babel <3.10> and hyphenation patterns for 46 language(s) loaded.
(/opt/local/share/texmf-texlive/tex/latex/koma-script/scrartcl.cls
Document Class: scrartcl 2017/04/13 v3.23 KOMA-Script document class (article)
(/opt/local/share/texmf-texlive/tex/latex/koma-script/scrkbase.sty
Package: scrkbase 2017/04/13 v3.23 KOMA-Script package (KOMA-Script-dependent b
asics and keyval usage)

(/opt/local/share/texmf-texlive/tex/latex/koma-script/scrbase.sty
Package: scrbase 2017/04/13 v3.23 KOMA-Script package (KOMA-Script-independent 
basics and keyval usage)

(/opt/local/share/texmf-texlive/tex/latex/graphics/keyval.sty
Package: keyval 2014/10/28 v1.15 key=value parser (DPC)
\KV@toks@=\toks14
)
(/opt/local/share/texmf-texlive/tex/latex/koma-script/scrlfile.sty
Package: scrlfile 2017/04/13 v3.23 KOMA-Script package (loading files)

Package scrlfile, 2017/04/13 v3.23 KOMA-Script package (loading files)
                  Copyright (C) Markus Kohm

))) (/opt/local/share/texmf-texlive/tex/latex/koma-script/tocbasic.sty
Package: tocbasic 2017/04/13 v3.23 KOMA-Script package (handling toc-files)
\scr@dte@tocline@numberwidth=\skip41
\scr@dte@tocline@numbox=\box26
)
Package tocbasic Info: omitting babel extension for `toc'
(tocbasic)             because of feature `nobabel' available
(tocbasic)             for `toc' on input line 131.
Package tocbasic Info: omitting babel extension for `lof'
(tocbasic)             because of feature `nobabel' available
(tocbasic)             for `lof' on input line 133.
Package tocbasic Info: omitting babel extension for `lot'
(tocbasic)             because of feature `nobabel' available
(tocbasic)             for `lot' on input line 134.
Package scrartcl Info: You've used standard option `12pt'.
(scrartcl)             This is correct!
(scrartcl)             Internally I'm using `fontsize=12pt'.
(scrartcl)             If you'd like to set the option with \KOMAoptions,
(scrartcl)             you'd have to use `fontsize=12pt' there
(scrartcl)             instead of `12pt', too.
Class scrartcl Info: File `scrsize12pt.clo' used to setup font sizes on input l
ine 2059.

(/opt/local/share/texmf-texlive/tex/latex/koma-script/scrsize12pt.clo
File: scrsize12pt.clo 2017/04/13 v3.23 KOMA-Script font size class option (12pt
)
)
(/opt/local/share/texmf-texlive/tex/latex/koma-script/typearea.sty
Package: typearea 2017/04/13 v3.23 KOMA-Script package (type area)
\ta@bcor=\skip42
\ta@div=\count79
\ta@hblk=\skip43
\ta@vblk=\skip44
\ta@temp=\skip45
\footheight=\skip46
Package typearea Info: These are the values describing the layout:
(typearea)             DIV  = 12
(typearea)             BCOR = 0.0pt
(typearea)             \paperwidth      = 597.50793pt
(typearea)              \textwidth      = 448.13095pt
(typearea)              DIV departure   = -6%
(typearea)              \evensidemargin = 2.4185pt
(typearea)              \oddsidemargin  = 2.4185pt
(typearea)             \paperheight     = 845.04694pt
(typearea)              \textheight     = 635.5pt
(typearea)              \topmargin      = -41.72441pt
(typearea)              \headheight     = 18.125pt
(typearea)              \headsep        = 21.75pt
(typearea)              \topskip        = 12.0pt
(typearea)              \footskip       = 50.75pt
(typearea)              \baselineskip   = 14.5pt
(typearea)              on input line 1647.
)
\c@part=\count80
\c@section=\count81
\c@subsection=\count82
\c@subsubsection=\count83
\c@paragraph=\count84
\c@subparagraph=\count85
\scr@dte@part@maxnumwidth=\skip47
\scr@dte@section@maxnumwidth=\skip48
\scr@dte@subsection@maxnumwidth=\skip49
\scr@dte@subsubsection@maxnumwidth=\skip50
\scr@dte@paragraph@maxnumwidth=\skip51
\scr@dte@subparagraph@maxnumwidth=\skip52
LaTeX Info: Redefining \textsubscript on input line 4094.
\abovecaptionskip=\skip53
\belowcaptionskip=\skip54
\c@pti@nb@sid@b@x=\box27
\c@figure=\count86
\c@table=\count87
Class scrartcl Info: Redefining `\numberline' on input line 5233.
\bibindent=\dimen102
)
(/opt/local/share/texmf-texlive/tex/latex/graphics/graphicx.sty
Package: graphicx 2014/10/28 v1.0g Enhanced LaTeX Graphics (DPC,SPQR)

(/opt/local/share/texmf-texlive/tex/latex/graphics/graphics.sty
Package: graphics 2017/04/14 v1.1b Standard LaTeX Graphics (DPC,SPQR)

(/opt/local/share/texmf-texlive/tex/latex/graphics/trig.sty
Package: trig 2016/01/03 v1.10 sin cos tan (DPC)
)
(/opt/local/share/texmf-texlive/tex/latex/graphics-cfg/graphics.cfg
File: graphics.cfg 2016/06/04 v1.11 sample graphics configuration
)
Package graphics Info: Driver file: pdftex.def on input line 99.

(/opt/local/share/texmf-texlive/tex/latex/graphics-def/pdftex.def
File: pdftex.def 2017/01/12 v0.06k Graphics/color for pdfTeX

(/opt/local/share/texmf-texlive/tex/generic/oberdiek/infwarerr.sty
Package: infwarerr 2016/05/16 v1.4 Providing info/warning/error messages (HO)
)
(/opt/local/share/texmf-texlive/tex/generic/oberdiek/ltxcmds.sty
Package: ltxcmds 2016/05/16 v1.23 LaTeX kernel commands for general use (HO)
)
\Gread@gobject=\count88
))
\Gin@req@height=\dimen103
\Gin@req@width=\dimen104
)
(/opt/local/share/texmf-texlive/tex/latex/xcolor/xcolor.sty
Package: xcolor 2016/05/11 v2.12 LaTeX color extensions (UK)

(/opt/local/share/texmf-texlive/tex/latex/graphics-cfg/color.cfg
File: color.cfg 2016/01/02 v1.6 sample color configuration
)
Package xcolor Info: Driver file: pdftex.def on input line 225.
Package xcolor Info: Model `cmy' substituted by `cmy0' on input line 1348.
Package xcolor Info: Model `hsb' substituted by `rgb' on input line 1352.
Package xcolor Info: Model `RGB' extended on input line 1364.
Package xcolor Info: Model `HTML' substituted by `rgb' on input line 1366.
Package xcolor Info: Model `Hsb' substituted by `hsb' on input line 1367.
Package xcolor Info: Model `tHsb' substituted by `hsb' on input line 1368.
Package xcolor Info: Model `HSB' substituted by `hsb' on input line 1369.
Package xcolor Info: Model `Gray' substituted by `gray' on input line 1370.
Package xcolor Info: Model `wave' substituted by `hsb' on input line 1371.
)
(/opt/local/share/texmf-texlive/tex/latex/hyperref/hyperref.sty
Package: hyperref 2017/03/14 v6.85a Hypertext links for LaTeX

(/opt/local/share/texmf-texlive/tex/generic/oberdiek/hobsub-hyperref.sty
Package: hobsub-hyperref 2016/05/16 v1.14 Bundle oberdiek, subset hyperref (HO)


(/opt/local/share/texmf-texlive/tex/generic/oberdiek/hobsub-generic.sty
Package: hobsub-generic 2016/05/16 v1.14 Bundle oberdiek, subset generic (HO)
Package: hobsub 2016/05/16 v1.14 Construct package bundles (HO)
Package hobsub Info: Skipping package `infwarerr' (already loaded).
Package hobsub Info: Skipping package `ltxcmds' (already loaded).
Package: ifluatex 2016/05/16 v1.4 Provides the ifluatex switch (HO)
Package ifluatex Info: LuaTeX not detected.
Package: ifvtex 2016/05/16 v1.6 Detect VTeX and its facilities (HO)
Package ifvtex Info: VTeX not detected.
Package: intcalc 2016/05/16 v1.2 Expandable calculations with integers (HO)
Package: ifpdf 2017/03/15 v3.2 Provides the ifpdf switch
Package: etexcmds 2016/05/16 v1.6 Avoid name clashes with e-TeX commands (HO)
Package etexcmds Info: Could not find \expanded.
(etexcmds)             That can mean that you are not using pdfTeX 1.50 or
(etexcmds)             that some package has redefined \expanded.
(etexcmds)             In the latter case, load this package earlier.
Package: kvsetkeys 2016/05/16 v1.17 Key value parser (HO)
Package: kvdefinekeys 2016/05/16 v1.4 Define keys (HO)
Package: pdftexcmds 2017/03/19 v0.25 Utility functions of pdfTeX for LuaTeX (HO
)
Package pdftexcmds Info: LuaTeX not detected.
Package pdftexcmds Info: \pdf@primitive is available.
Package pdftexcmds Info: \pdf@ifprimitive is available.
Package pdftexcmds Info: \pdfdraftmode found.
Package: pdfescape 2016/05/16 v1.14 Implements pdfTeX's escape features (HO)
Package: bigintcalc 2016/05/16 v1.4 Expandable calculations on big integers (HO
)
Package: bitset 2016/05/16 v1.2 Handle bit-vector datatype (HO)
Package: uniquecounter 2016/05/16 v1.3 Provide unlimited unique counter (HO)
)
Package hobsub Info: Skipping package `hobsub' (already loaded).
Package: letltxmacro 2016/05/16 v1.5 Let assignment for LaTeX macros (HO)
Package: hopatch 2016/05/16 v1.3 Wrapper for package hooks (HO)
Package: xcolor-patch 2016/05/16 xcolor patch
Package: atveryend 2016/05/16 v1.9 Hooks at the very end of document (HO)
Package atveryend Info: \enddocument detected (standard20110627).
Package: atbegshi 2016/06/09 v1.18 At begin shipout hook (HO)
Package: refcount 2016/05/16 v3.5 Data extraction from label references (HO)
Package: hycolor 2016/05/16 v1.8 Color options for hyperref/bookmark (HO)
)
(/opt/local/share/texmf-texlive/tex/generic/ifxetex/ifxetex.sty
Package: ifxetex 2010/09/12 v0.6 Provides ifxetex conditional
)
(/opt/local/share/texmf-texlive/tex/latex/oberdiek/auxhook.sty
Package: auxhook 2016/05/16 v1.4 Hooks for auxiliary files (HO)
)
(/opt/local/share/texmf-texlive/tex/latex/oberdiek/kvoptions.sty
Package: kvoptions 2016/05/16 v3.12 Key value format for package options (HO)
)
\@linkdim=\dimen105
\Hy@linkcounter=\count89
\Hy@pagecounter=\count90

(/opt/local/share/texmf-texlive/tex/latex/hyperref/pd1enc.def
File: pd1enc.def 2017/03/14 v6.85a Hyperref: PDFDocEncoding definition (HO)
)
\Hy@SavedSpaceFactor=\count91

(/opt/local/share/texmf-texlive/tex/latex/latexconfig/hyperref.cfg
File: hyperref.cfg 2002/06/06 v1.2 hyperref configuration of TeXLive
)
Package hyperref Info: Hyper figures OFF on input line 4498.
Package hyperref Info: Link nesting OFF on input line 4503.
Package hyperref Info: Hyper index ON on input line 4506.
Package hyperref Info: Plain pages OFF on input line 4513.
Package hyperref Info: Backreferencing OFF on input line 4518.
Package hyperref Info: Implicit mode ON; LaTeX internals redefined.
Package hyperref Info: Bookmarks ON on input line 4751.
\c@Hy@tempcnt=\count92

(/opt/local/share/texmf-texlive/tex/latex/url/url.sty
\Urlmuskip=\muskip10
Package: url 2013/09/16  ver 3.4  Verb mode for urls, etc.
)
LaTeX Info: Redefining \url on input line 5104.
\XeTeXLinkMargin=\dimen106
\Fld@menulength=\count93
\Field@Width=\dimen107
\Fld@charsize=\dimen108
Package hyperref Info: Hyper figures OFF on input line 6358.
Package hyperref Info: Link nesting OFF on input line 6363.
Package hyperref Info: Hyper index ON on input line 6366.
Package hyperref Info: backreferencing OFF on input line 6373.
Package hyperref Info: Link coloring OFF on input line 6378.
Package hyperref Info: Link coloring with OCG OFF on input line 6383.
Package hyperref Info: PDF/A mode OFF on input line 6388.
LaTeX Info: Redefining \ref on input line 6428.
LaTeX Info: Redefining \pageref on input line 6432.
\Hy@abspage=\count94
\c@Item=\count95
\c@Hfootnote=\count96
)

Package hyperref Message: Driver (autodetected): hpdftex.

(/opt/local/share/texmf-texlive/tex/latex/hyperref/hpdftex.def
File: hpdftex.def 2017/03/14 v6.85a Hyperref driver for pdfTeX
\Fld@listcount=\count97
\c@bookmark@seq@number=\count98

(/opt/local/share/texmf-texlive/tex/latex/oberdiek/rerunfilecheck.sty
Package: rerunfilecheck 2016/05/16 v1.8 Rerun checks for auxiliary files (HO)
Package uniquecounter Info: New unique counter `rerunfilecheck' on input line 2
82.
)
\Hy@SectionHShift=\skip55
)

Package hyperref Warning: Option `letterpaper' is no longer used.

Package hyperref Info: Option `colorlinks' set `true' on input line 26.

Package hyperref Warning: Values of option `pdfpagemode':
(hyperref)                * `UseNone'
(hyperref)                * `UseOutlines'
(hyperref)                * `UseThumbs'
(hyperref)                * `FullScreen'
(hyperref)                * `UseOC' (PDF 1.5)
(hyperref)                * `UseAttachments' (PDF 1.6)
(hyperref)                * An empty value disables the option.
(hyperref)                Unknown value `none' on input line 26.


Package hyperref Warning: Token not allowed in a PDF string (PDFDocEncoding):
(hyperref)                removing `math shift' on input line 26.


Package hyperref Warning: Token not allowed in a PDF string (PDFDocEncoding):
(hyperref)                removing `math shift' on input line 26.


Package hyperref Warning: Token not allowed in a PDF string (PDFDocEncoding):
(hyperref)                removing `math shift' on input line 26.


Package hyperref Warning: Token not allowed in a PDF string (PDFDocEncoding):
(hyperref)                removing `math shift' on input line 26.

(/opt/local/share/texmf-texlive/tex/latex/minted/minted.sty
Package: minted 2017/09/03 v2.5.1dev Yet another Pygments shim for LaTeX

(/opt/local/share/texmf-texlive/tex/latex/fvextra/fvextra.sty
Package: fvextra 2016/09/02 v1.2.1 fvextra - extensions and patches for fancyvr
b

(/opt/local/share/texmf-texlive/tex/latex/base/ifthen.sty
Package: ifthen 2014/09/29 v1.1c Standard LaTeX ifthen package (DPC)
)
(/opt/local/share/texmf-texlive/tex/latex/etoolbox/etoolbox.sty
Package: etoolbox 2017/01/02 v2.4 e-TeX tools for LaTeX (JAW)
\etb@tempcnta=\count99
)
(/opt/local/share/texmf-texlive/tex/latex/fancyvrb/fancyvrb.sty
Package: fancyvrb 2008/02/07

Style option: `fancyvrb' v2.7a, with DG/SPQR fixes, and firstline=lastline fix 
<2008/02/07> (tvz)
\FV@CodeLineNo=\count100
\FV@InFile=\read1
\FV@TabBox=\box28
\c@FancyVerbLine=\count101
\FV@StepNumber=\count102
\FV@OutFile=\write3
)
(/opt/local/share/texmf-texlive/tex/latex/upquote/upquote.sty
Package: upquote 2012/04/19 v1.3 upright-quote and grave-accent glyphs in verba
tim
)
(/opt/local/share/texmf-texlive/tex/latex/lineno/lineno.sty
Package: lineno 2005/11/02 line numbers on paragraphs v4.41
\linenopenalty=\count103
\output=\toks15
\linenoprevgraf=\count104
\linenumbersep=\dimen109
\linenumberwidth=\dimen110
\c@linenumber=\count105
\c@pagewiselinenumber=\count106
\c@LN@truepage=\count107
\c@internallinenumber=\count108
\c@internallinenumbers=\count109
\quotelinenumbersep=\dimen111
\bframerule=\dimen112
\bframesep=\dimen113
\bframebox=\box29
LaTeX Info: Redefining \\ on input line 3056.
)
\c@FV@TrueTabGroupLevel=\count110
\c@FV@TrueTabCounter=\count111
\FV@TabBox@Group=\box30
\FV@TmpLength=\skip56
\c@FV@HighlightLinesStart=\count112
\c@FV@HighlightLinesStop=\count113
\FV@BreakIndent=\dimen114
\FV@BreakSymbolSepLeft=\dimen115
\FV@BreakSymbolSepRight=\dimen116
\FV@BreakSymbolIndentLeft=\dimen117
\FV@BreakSymbolIndentRight=\dimen118
\c@FancyVerbLineBreakLast=\count114
\FV@LineBox=\box31
\FV@LineIndentBox=\box32
)
(/opt/local/share/texmf-texlive/tex/latex/tools/calc.sty
Package: calc 2014/10/28 v4.3 Infix arithmetic (KKT,FJ)
\calc@Acount=\count115
\calc@Bcount=\count116
\calc@Adimen=\dimen119
\calc@Bdimen=\dimen120
\calc@Askip=\skip57
\calc@Bskip=\skip58
LaTeX Info: Redefining \setlength on input line 80.
LaTeX Info: Redefining \addtolength on input line 81.
\calc@Ccount=\count117
\calc@Cskip=\skip59
)
(/opt/local/share/texmf-texlive/tex/latex/tools/shellesc.sty
Package: shellesc 2016/06/07 v0.02a unified shell escape interface for LaTeX
Package shellesc Info: Unrestricted shell escape enabled on input line 67.
)
(/opt/local/share/texmf-texlive/tex/latex/ifplatform/ifplatform.sty
Package: ifplatform 2010/10/22 v0.4 Testing for the operating system

(/opt/local/share/texmf-texlive/tex/generic/oberdiek/catchfile.sty
Package: catchfile 2016/05/16 v1.7 Catch the contents of a file (HO)
)
runsystem(uname -s > "Lab01-Introduction.w18")...executed.


(./Lab01-Introduction.w18)
runsystem(rm -- "Lab01-Introduction.w18")...executed.

)
(/opt/local/share/texmf-texlive/tex/generic/xstring/xstring.sty
(/opt/local/share/texmf-texlive/tex/generic/xstring/xstring.tex
\@xs@message=\write4
\integerpart=\count118
\decimalpart=\count119
)
Package: xstring 2013/10/13  v1.7c  String manipulations (C Tellechea)
)
(/opt/local/share/texmf-texlive/tex/latex/framed/framed.sty
Package: framed 2011/10/22 v 0.96: framed or shaded text with page breaks
\OuterFrameSep=\skip60
\fb@frw=\dimen121
\fb@frh=\dimen122
\FrameRule=\dimen123
\FrameSep=\dimen124
)
(/opt/local/share/texmf-texlive/tex/latex/caption/newfloat.sty
Package: newfloat 2015/09/17 v1.1-109 Defining new floating environments (AR)
)
\minted@appexistsfile=\read2
\minted@bgbox=\box33
\minted@code=\write5
\c@minted@FancyVerbLineTemp=\count120
\c@minted@pygmentizecounter=\count121
Package newfloat Info: New float `listing' with options `fileext=lol,placement=
tbp' on input line 1159.
\c@listing=\count122
\newfloat@ftype=\count123
Package newfloat Info: float type `listing'=8 on input line 1159.
Package tocbasic Info: setting babel extension for `lol' on input line 1159.
)
runsystem(mkdir -p _minted-Lab01-Introduction)...executed.

runsystem(which pygmentize && touch Lab01-Introduction.aex)...executed.

runsystem(rm Lab01-Introduction.aex)...executed.


(./Lab01-Introduction.aux)
\openout1 = `Lab01-Introduction.aux'.

LaTeX Font Info:    Checking defaults for OML/cmm/m/it on input line 64.
LaTeX Font Info:    ... okay on input line 64.
LaTeX Font Info:    Checking defaults for T1/cmr/m/n on input line 64.
LaTeX Font Info:    ... okay on input line 64.
LaTeX Font Info:    Checking defaults for OT1/cmr/m/n on input line 64.
LaTeX Font Info:    ... okay on input line 64.
LaTeX Font Info:    Checking defaults for OMS/cmsy/m/n on input line 64.
LaTeX Font Info:    ... okay on input line 64.
LaTeX Font Info:    Checking defaults for OMX/cmex/m/n on input line 64.
LaTeX Font Info:    ... okay on input line 64.
LaTeX Font Info:    Checking defaults for U/cmr/m/n on input line 64.
LaTeX Font Info:    ... okay on input line 64.
LaTeX Font Info:    Checking defaults for PD1/pdf/m/n on input line 64.
LaTeX Font Info:    ... okay on input line 64.

(/opt/local/share/texmf-texlive/tex/context/base/mkii/supp-pdf.mkii
[Loading MPS to PDF converter (version 2006.09.02).]
\scratchcounter=\count124
\scratchdimen=\dimen125
\scratchbox=\box34
\nofMPsegments=\count125
\nofMParguments=\count126
\everyMPshowfont=\toks16
\MPscratchCnt=\count127
\MPscratchDim=\dimen126
\MPnumerator=\count128
\makeMPintoPDFobject=\count129
\everyMPtoPDFconversion=\toks17
) (/opt/local/share/texmf-texlive/tex/latex/oberdiek/epstopdf-base.sty
Package: epstopdf-base 2016/05/15 v2.6 Base part for package epstopdf

(/opt/local/share/texmf-texlive/tex/latex/oberdiek/grfext.sty
Package: grfext 2016/05/16 v1.2 Manage graphics extensions (HO)
)
Package epstopdf-base Info: Redefining graphics rule for `.eps' on input line 4
38.
Package grfext Info: Graphics extension search list:
(grfext)             [.png,.pdf,.jpg,.mps,.jpeg,.jbig2,.jb2,.PNG,.PDF,.JPG,.JPE
G,.JBIG2,.JB2,.eps]
(grfext)             \AppendGraphicsExtensions on input line 456.

(/opt/local/share/texmf-texlive/tex/latex/latexconfig/epstopdf-sys.cfg
File: epstopdf-sys.cfg 2010/07/13 v1.3 Configuration of (r)epstopdf for TeX Liv
e
))
\AtBeginShipoutBox=\box35
Package hyperref Info: Link coloring ON on input line 64.

(/opt/local/share/texmf-texlive/tex/latex/hyperref/nameref.sty
Package: nameref 2016/05/21 v2.44 Cross-referencing by name of section

(/opt/local/share/texmf-texlive/tex/generic/oberdiek/gettitlestring.sty
Package: gettitlestring 2016/05/16 v1.5 Cleanup title references (HO)
)
\c@section@level=\count130
)
LaTeX Info: Redefining \ref on input line 64.
LaTeX Info: Redefining \pageref on input line 64.
LaTeX Info: Redefining \nameref on input line 64.

(./Lab01-Introduction.out) (./Lab01-Introduction.out)
\@outlinefile=\write6
\openout6 = `Lab01-Introduction.out'.

LaTeX Font Info:    External font `cmex10' loaded for size
(Font)              <17.28> on input line 67.
LaTeX Font Info:    External font `cmex10' loaded for size
(Font)              <12> on input line 67.
 [1


{/opt/local/var/db/texmf/fonts/map/pdftex/updmap/pdftex.map}]
LaTeX Font Info:    Try loading font information for OMS+cmr on input line 106.


(/opt/local/share/texmf-texlive/tex/latex/base/omscmr.fd
File: omscmr.fd 2014/09/29 v2.5h Standard LaTeX font definitions
)
LaTeX Font Info:    Font shape `OMS/cmr/m/n' in size <12> not available
(Font)              Font shape `OMS/cmsy/m/n' tried instead on input line 106.
LaTeX Font Info:    External font `cmex10' loaded for size
(Font)              <8> on input line 122.
LaTeX Font Info:    External font `cmex10' loaded for size
(Font)              <6> on input line 122.

Overfull \hbox (18.42839pt too wide) in paragraph at lines 124--125
[]\OT1/cmr/m/n/12 CSE Aca-demic In-tegrity Pol-icy: [][]$\OT1/cmtt/m/n/12 http 
: / / cse . unl . edu / academic-[]integrity-[]policy$[][] 
 []

[2]
\openout5 = `Lab01-Introduction.pyg'.

 (./_minted-Lab01-Introduction/default-pyg-prefix.pygstyle)
(./_minted-Lab01-Introduction/default.pygstyle)
(./_minted-Lab01-Introduction/C6AD4D9C5B03D1B42AEC7D14899614DB94CDB67367E2CC5B4
42925EF10EBEAF0.pygtex)
\openout5 = `Lab01-Introduction.pyg'.


(./_minted-Lab01-Introduction/0FCE694B610229922D770DB016377EDE94CDB67367E2CC5B4
42925EF10EBEAF0.pygtex)
\openout5 = `Lab01-Introduction.pyg'.


(./_minted-Lab01-Introduction/1C1829AFD3F085BD4F1E10994F1C9D6894CDB67367E2CC5B4
42925EF10EBEAF0.pygtex)
\openout5 = `Lab01-Introduction.pyg'.


(./_minted-Lab01-Introduction/9FEDB3AFF56CC596828674C2BE4D64B494CDB67367E2CC5B4
42925EF10EBEAF0.pygtex)
\openout5 = `Lab01-Introduction.pyg'.


(./_minted-Lab01-Introduction/EBA3CC34BEC41D76E6E7DE63C9003B4694CDB67367E2CC5B4
42925EF10EBEAF0.pygtex)
\openout5 = `Lab01-Introduction.pyg'.


(./_minted-Lab01-Introduction/B8E59A7D4020792C412DA75E589FF4FC94CDB67367E2CC5B4
42925EF10EBEAF0.pygtex)
\openout5 = `Lab01-Introduction.pyg'.


(./_minted-Lab01-Introduction/21672E886994C5BC461D929B2302256994CDB67367E2CC5B4
42925EF10EBEAF0.pygtex)
\openout5 = `Lab01-Introduction.pyg'.


(./_minted-Lab01-Introduction/FA83C64367569E0F63D8D1F51424F9DC94CDB67367E2CC5B4
42925EF10EBEAF0.pygtex)
\openout5 = `Lab01-Introduction.pyg'.


(./_minted-Lab01-Introduction/76FDEEB1BE64A981D89F910B00402F1794CDB67367E2CC5B4
42925EF10EBEAF0.pygtex)
\openout5 = `Lab01-Introduction.pyg'.


(./_minted-Lab01-Introduction/CE04E870B301CA30D3BC61B1D9816B0494CDB67367E2CC5B4
42925EF10EBEAF0.pygtex) [3]
\openout5 = `Lab01-Introduction.pyg'.


(./_minted-Lab01-Introduction/05F1FC01820AF09466C1F8311EEA303594CDB67367E2CC5B4
42925EF10EBEAF0.pygtex)
\openout5 = `Lab01-Introduction.pyg'.


(./_minted-Lab01-Introduction/AD089D7A83F1D123180FA8FE3851987A94CDB67367E2CC5B4
42925EF10EBEAF0.pygtex)
\openout5 = `Lab01-Introduction.pyg'.


(./_minted-Lab01-Introduction/B8E59A7D4020792C412DA75E589FF4FC94CDB67367E2CC5B4
42925EF10EBEAF0.pygtex)
\openout5 = `Lab01-Introduction.pyg'.


(./_minted-Lab01-Introduction/49EA7FCAAB7B1E52B10D55E62DCCB74E94CDB67367E2CC5B4
42925EF10EBEAF0.pygtex)
\openout5 = `Lab01-Introduction.pyg'.


(./_minted-Lab01-Introduction/4023BE8B9E251EC92D903C2C4D5358BE94CDB67367E2CC5B4
42925EF10EBEAF0.pygtex)
\openout5 = `Lab01-Introduction.pyg'.


(./_minted-Lab01-Introduction/E676AD5E392C6E1AFC456AE6D49A65EE94CDB67367E2CC5B4
42925EF10EBEAF0.pygtex)
\openout5 = `Lab01-Introduction.pyg'.


(./_minted-Lab01-Introduction/9CDB857BBDD0AE38B1097997ABF20CE194CDB67367E2CC5B4
42925EF10EBEAF0.pygtex)
\openout5 = `Lab01-Introduction.pyg'.


(./_minted-Lab01-Introduction/635494ABEAE76499B680CB7E7318B1D794CDB67367E2CC5B4
42925EF10EBEAF0.pygtex)
\openout5 = `Lab01-Introduction.pyg'.


(./_minted-Lab01-Introduction/B8E59A7D4020792C412DA75E589FF4FC94CDB67367E2CC5B4
42925EF10EBEAF0.pygtex)
\openout5 = `Lab01-Introduction.pyg'.


(./_minted-Lab01-Introduction/A132E91BF68F0B538FC37805C7FE091394CDB67367E2CC5B4
42925EF10EBEAF0.pygtex)
\openout5 = `Lab01-Introduction.pyg'.


(./_minted-Lab01-Introduction/9FD7B45B8606A7808E5C86987255F71694CDB67367E2CC5B4
42925EF10EBEAF0.pygtex)
\openout5 = `Lab01-Introduction.pyg'.


(./_minted-Lab01-Introduction/B056D6E6A320CBD5DF89628F1D33A7AC94CDB67367E2CC5B4
42925EF10EBEAF0.pygtex)
\openout5 = `Lab01-Introduction.pyg'.


(./_minted-Lab01-Introduction/B8E59A7D4020792C412DA75E589FF4FC94CDB67367E2CC5B4
42925EF10EBEAF0.pygtex)
\openout5 = `Lab01-Introduction.pyg'.


(./_minted-Lab01-Introduction/B056D6E6A320CBD5DF89628F1D33A7AC94CDB67367E2CC5B4
42925EF10EBEAF0.pygtex)
\openout5 = `Lab01-Introduction.pyg'.


(./_minted-Lab01-Introduction/C99F85EF93D0810AA285DA0723F6B56B94CDB67367E2CC5B4
42925EF10EBEAF0.pygtex)
\openout5 = `Lab01-Introduction.pyg'.


(./_minted-Lab01-Introduction/D3B07384D113EDEC49EAA6238AD5FF0094CDB67367E2CC5B4
42925EF10EBEAF0.pygtex)
\openout5 = `Lab01-Introduction.pyg'.


(./_minted-Lab01-Introduction/B056D6E6A320CBD5DF89628F1D33A7AC94CDB67367E2CC5B4
42925EF10EBEAF0.pygtex) [4]
\openout5 = `Lab01-Introduction.pyg'.


(./_minted-Lab01-Introduction/606946553CC8CE8BCFC8BA7FEED5A96894CDB67367E2CC5B4
42925EF10EBEAF0.pygtex)
\openout5 = `Lab01-Introduction.pyg'.


(./_minted-Lab01-Introduction/A132E91BF68F0B538FC37805C7FE091394CDB67367E2CC5B4
42925EF10EBEAF0.pygtex)
\openout3 = `Lab01-Introduction.pyg'.


(./_minted-Lab01-Introduction/A4A3D67E2BAC326714CAD9DDC97272F955EEFE6792850A460
1A547242F0C054C.pygtex
LaTeX Font Info:    Font shape `OT1/cmtt/bx/n' in size <12> not available
(Font)              Font shape `OT1/cmtt/m/n' tried instead on input line 12.
)
\openout5 = `Lab01-Introduction.pyg'.


(./_minted-Lab01-Introduction/A132E91BF68F0B538FC37805C7FE091394CDB67367E2CC5B4
42925EF10EBEAF0.pygtex) [5]
\openout5 = `Lab01-Introduction.pyg'.


(./_minted-Lab01-Introduction/6D639098CAC63CAA42378C91DECA800B94CDB67367E2CC5B4
42925EF10EBEAF0.pygtex)
Package atveryend Info: Empty hook `BeforeClearDocument' on input line 314.
 [6]
Package atveryend Info: Empty hook `AfterLastShipout' on input line 314.
 (./Lab01-Introduction.aux)
Package atveryend Info: Executing hook `AtVeryEndDocument' on input line 314.
Package atveryend Info: Executing hook `AtEndAfterFileList' on input line 314.
Package rerunfilecheck Info: File `Lab01-Introduction.out' has not changed.
(rerunfilecheck)             Checksum: 4BE522F0F88AE1EF2DD58F97F047E036;528.
runsystem(rm Lab01-Introduction.pyg)...executed.

Package atveryend Info: Empty hook `AtVeryVeryEnd' on input line 314.
 ) 
Here is how much of TeX's memory you used:
 10810 strings out of 494108
 201389 string characters out of 6155655
 407069 words of memory out of 5000000
 13948 multiletter control sequences out of 15000+600000
 9457 words of font info for 34 fonts, out of 8000000 for 9000
 430 hyphenation exceptions out of 8191
 41i,7n,51p,8829b,476s stack positions out of 5000i,500n,10000p,200000b,80000s
</opt/local/share/texmf-texlive/fonts/type1/public/amsfonts/cm/cmitt10.pfb></
opt/local/share/texmf-texlive/fonts/type1/public/amsfonts/cm/cmr12.pfb></opt/lo
cal/share/texmf-texlive/fonts/type1/public/amsfonts/cm/cmr17.pfb></opt/local/sh
are/texmf-texlive/fonts/type1/public/amsfonts/cm/cmr6.pfb></opt/local/share/tex
mf-texlive/fonts/type1/public/amsfonts/cm/cmssbx10.pfb></opt/local/share/texmf-
texlive/fonts/type1/public/amsfonts/cm/cmsy10.pfb></opt/local/share/texmf-texli
ve/fonts/type1/public/amsfonts/cm/cmti12.pfb></opt/local/share/texmf-texlive/fo
nts/type1/public/amsfonts/cm/cmtt12.pfb>
Output written on Lab01-Introduction.pdf (6 pages, 106756 bytes).
PDF statistics:
 153 PDF objects out of 1000 (max. 8388607)
 135 compressed objects within 2 object streams
 42 named destinations out of 1000 (max. 500000)
 65 words of extra memory for PDF output out of 10000 (max. 10000000)

